[INFO] 16:44:48:962 Servidor/(7199:7199): Servidor listo para recibir al cliente
[INFO] 16:54:41:125 Servidor/(8299:8299): Servidor listo para recibir al cliente
[INFO] 16:55:35:107 Servidor/(8621:8621): Servidor listo para recibir al cliente
[INFO] 17:00:33:328 Servidor/(9249:9249): Servidor listo para recibir al cliente
[INFO] 17:02:31:757 Servidor/(9623:9623): Servidor listo para recibir al cliente
[INFO] 17:03:53:630 Servidor/(9982:9982): Servidor listo para recibir al cliente
[INFO] 17:08:27:526 Servidor/(9982:9982): Se conecto un cliente!
[INFO] 17:08:27:528 Servidor/(9982:9982): Me llego el mensaje valor
[ERROR] 17:08:27:529 Servidor/(9982:9982): el cliente se desconecto. Terminando servidor
[INFO] 17:24:01:483 Servidor/(10862:10862): Servidor listo para recibir al cliente
[INFO] 17:26:48:830 Servidor/(10862:10862): Se conecto un cliente!
[INFO] 17:26:48:832 Servidor/(10862:10862): Me llego el mensaje valor
[INFO] 17:27:16:948 Servidor/(10862:10862): Me llegaron los siguientes valores:

[INFO] 17:27:16:950 Servidor/(10862:10862): hola
[INFO] 17:27:16:950 Servidor/(10862:10862): soy
[INFO] 17:27:16:950 Servidor/(10862:10862): tomas
[ERROR] 17:28:12:951 Servidor/(10862:10862): el cliente se desconecto. Terminando servidor
[INFO] 17:28:30:465 Servidor/(11816:11816): Servidor listo para recibir al cliente
[INFO] 17:29:00:423 Servidor/(11816:11816): Se conecto un cliente!
[INFO] 17:29:00:425 Servidor/(11816:11816): Me llego el mensaje valor
[INFO] 17:29:14:926 Servidor/(11816:11816): Me llegaron los siguientes valores:

[INFO] 17:29:14:930 Servidor/(11816:11816): hola, so
[ERROR] 17:29:42:912 Servidor/(11816:11816): el cliente se desconecto. Terminando servidor
[INFO] 17:33:23:469 Servidor/(12412:12412): Servidor listo para recibir al cliente
[INFO] 17:33:39:865 Servidor/(12412:12412): Se conecto un cliente!
[INFO] 17:33:39:865 Servidor/(12412:12412): Me llego el mensaje valor
[INFO] 17:33:47:217 Servidor/(12412:12412): Me llegaron los siguientes valores:

[INFO] 17:33:47:217 Servidor/(12412:12412): hola
[INFO] 17:33:57:013 Servidor/(12412:12412): Me llegaron los siguientes valores:

[INFO] 17:33:57:013 Servidor/(12412:12412): como est
[INFO] 17:34:13:045 Servidor/(12412:12412): Me llegaron los siguientes valores:

[INFO] 17:34:13:045 Servidor/(12412:12412): como est
[INFO] 17:34:27:079 Servidor/(12412:12412): Me llegaron los siguientes valores:

[INFO] 17:34:27:079 Servidor/(12412:12412): sale cor
[INFO] 17:36:53:309 Servidor/(13165:13165): Servidor listo para recibir al cliente
